C:\Program Files\Microsoft Visual Studio\2022\Community\MSBuild\Microsoft\VC\v170\Microsoft.CppBuild.targets(1123,5): warning MSB4211: The property "GetTargetPathDependsOn" is being set to a value for the first time, but it was already consumed at "C:\Program Files\Microsoft Visual Studio\2022\Community\MSBuild\Current\Bin\amd64\Microsoft.Common.CurrentVersion.targets (2232,5)".
  aiff.c
C:\Projects\old\GammaE\SDKS\libsndfile-0.0.26\src\aiff.c(26,10): warning C4103: alignment changed after including header, may be due to missing #pragma pack(pop)
C:\Projects\old\GammaE\SDKS\libsndfile-0.0.26\src\aiff.c(234,29): warning C4018: '<': signed/unsigned mismatch
C:\Projects\old\GammaE\SDKS\libsndfile-0.0.26\src\aiff.c(255,19): warning C4018: '>': signed/unsigned mismatch
C:\Projects\old\GammaE\SDKS\libsndfile-0.0.26\src\aiff.c(594,18): warning C4018: '<': signed/unsigned mismatch
C:\Projects\old\GammaE\SDKS\libsndfile-0.0.26\src\aiff.c(622,18): warning C4018: '<': signed/unsigned mismatch
C:\Projects\old\GammaE\SDKS\libsndfile-0.0.26\src\aiff.c(697,10): warning C4018: '>=': signed/unsigned mismatch
  alaw.c
C:\Projects\old\GammaE\SDKS\libsndfile-0.0.26\src\alaw.c(22,10): warning C4103: alignment changed after including header, may be due to missing #pragma pack(pop)
C:\Projects\old\GammaE\SDKS\libsndfile-0.0.26\src\alaw.c(88,12): warning C4018: '<': signed/unsigned mismatch
C:\Projects\old\GammaE\SDKS\libsndfile-0.0.26\src\alaw.c(114,12): warning C4018: '<': signed/unsigned mismatch
C:\Projects\old\GammaE\SDKS\libsndfile-0.0.26\src\alaw.c(127,42): warning C4244: '=': conversion from 'double' to 'float', possible loss of data
C:\Projects\old\GammaE\SDKS\libsndfile-0.0.26\src\alaw.c(143,12): warning C4018: '<': signed/unsigned mismatch
C:\Projects\old\GammaE\SDKS\libsndfile-0.0.26\src\alaw.c(171,12): warning C4018: '<': signed/unsigned mismatch
C:\Projects\old\GammaE\SDKS\libsndfile-0.0.26\src\alaw.c(200,12): warning C4018: '<': signed/unsigned mismatch
C:\Projects\old\GammaE\SDKS\libsndfile-0.0.26\src\alaw.c(226,12): warning C4018: '<': signed/unsigned mismatch
C:\Projects\old\GammaE\SDKS\libsndfile-0.0.26\src\alaw.c(239,42): warning C4244: '=': conversion from 'double' to 'float', possible loss of data
C:\Projects\old\GammaE\SDKS\libsndfile-0.0.26\src\alaw.c(255,12): warning C4018: '<': signed/unsigned mismatch
C:\Projects\old\GammaE\SDKS\libsndfile-0.0.26\src\alaw.c(284,12): warning C4018: '<': signed/unsigned mismatch
C:\Projects\old\GammaE\SDKS\libsndfile-0.0.26\src\alaw.c(492,17): warning C4018: '<': signed/unsigned mismatch
C:\Projects\old\GammaE\SDKS\libsndfile-0.0.26\src\alaw.c(504,17): warning C4018: '<': signed/unsigned mismatch
C:\Projects\old\GammaE\SDKS\libsndfile-0.0.26\src\alaw.c(516,17): warning C4018: '<': signed/unsigned mismatch
C:\Projects\old\GammaE\SDKS\libsndfile-0.0.26\src\alaw.c(528,17): warning C4018: '<': signed/unsigned mismatch
  au.c
C:\Projects\old\GammaE\SDKS\libsndfile-0.0.26\src\au.c(26,10): warning C4103: alignment changed after including header, may be due to missing #pragma pack(pop)
  au_g72x.c
C:\Projects\old\GammaE\SDKS\libsndfile-0.0.26\src\au_g72x.c(25,10): warning C4103: alignment changed after including header, may be due to missing #pragma pack(pop)
C:\Projects\old\GammaE\SDKS\libsndfile-0.0.26\src\au_g72x.c(265,42): warning C4244: '=': conversion from 'double' to 'float', possible loss of data
C:\Projects\old\GammaE\SDKS\libsndfile-0.0.26\src\au_g72x.c(484,42): warning C4244: '=': conversion from 'double' to 'float', possible loss of data
  common.c
C:\Projects\old\GammaE\SDKS\libsndfile-0.0.26\src\common.c(23,10): warning C4103: alignment changed after including header, may be due to missing #pragma pack(pop)
  float32.c
C:\Projects\old\GammaE\SDKS\libsndfile-0.0.26\src\float32.c(25,10): warning C4103: alignment changed after including header, may be due to missing #pragma pack(pop)
C:\Projects\old\GammaE\SDKS\libsndfile-0.0.26\src\float32.c(252,20): warning C4244: '=': conversion from 'double' to 'float', possible loss of data
C:\Projects\old\GammaE\SDKS\libsndfile-0.0.26\src\float32.c(279,7): warning C4244: '=': conversion from 'double' to 'float', possible loss of data
C:\Projects\old\GammaE\SDKS\libsndfile-0.0.26\src\float32.c(323,23): warning C4018: '<': signed/unsigned mismatch
C:\Projects\old\GammaE\SDKS\libsndfile-0.0.26\src\float32.c(324,14): warning C4244: '=': conversion from 'double' to 'float', possible loss of data
C:\Projects\old\GammaE\SDKS\libsndfile-0.0.26\src\float32.c(328,16): warning C4244: '=': conversion from 'double' to 'float', possible loss of data
C:\Projects\old\GammaE\SDKS\libsndfile-0.0.26\src\float32.c(349,11): warning C4305: '=': truncation from 'double' to 'float'
C:\Projects\old\GammaE\SDKS\libsndfile-0.0.26\src\float32.c(631,17): warning C4018: '<': signed/unsigned mismatch
C:\Projects\old\GammaE\SDKS\libsndfile-0.0.26\src\float32.c(632,18): warning C4244: '=': conversion from 'double' to 'short', possible loss of data
C:\Projects\old\GammaE\SDKS\libsndfile-0.0.26\src\float32.c(640,17): warning C4018: '<': signed/unsigned mismatch
C:\Projects\old\GammaE\SDKS\libsndfile-0.0.26\src\float32.c(649,17): warning C4018: '<': signed/unsigned mismatch
C:\Projects\old\GammaE\SDKS\libsndfile-0.0.26\src\float32.c(658,17): warning C4018: '<': signed/unsigned mismatch
C:\Projects\old\GammaE\SDKS\libsndfile-0.0.26\src\float32.c(668,17): warning C4018: '<': signed/unsigned mismatch
C:\Projects\old\GammaE\SDKS\libsndfile-0.0.26\src\float32.c(677,17): warning C4018: '<': signed/unsigned mismatch
C:\Projects\old\GammaE\SDKS\libsndfile-0.0.26\src\float32.c(957,17): warning C4018: '<': signed/unsigned mismatch
C:\Projects\old\GammaE\SDKS\libsndfile-0.0.26\src\float32.c(965,17): warning C4018: '<': signed/unsigned mismatch
  g721.c
  g723_16.c
  g723_24.c
  g723_40.c
  g72x.c
C:\Projects\old\GammaE\SDKS\libsndfile-0.0.26\src\G72x\g72x.c(457,24): warning C4244: '=': conversion from 'long' to 'short', possible loss of data
  add.c
  code.c
  decode.c
  gsm_create.c
  gsm_decode.c
  gsm_destroy.c
  gsm_encode.c
  gsm_option.c
  long_term.c
C:\Projects\old\GammaE\SDKS\libsndfile-0.0.26\src\GSM610\long_term.c(513,45): warning C4244: '=': conversion from 'int' to 'float', possible loss of data
C:\Projects\old\GammaE\SDKS\libsndfile-0.0.26\src\GSM610\long_term.c(573,29): warning C4244: '=': conversion from 'float' to 'longword', possible loss of data
C:\Projects\old\GammaE\SDKS\libsndfile-0.0.26\src\GSM610\long_term.c(574,29): warning C4244: '=': conversion from 'float' to 'longword', possible loss of data
C:\Projects\old\GammaE\SDKS\libsndfile-0.0.26\src\GSM610\long_term.c(575,29): warning C4244: '=': conversion from 'float' to 'longword', possible loss of data
C:\Projects\old\GammaE\SDKS\libsndfile-0.0.26\src\GSM610\long_term.c(576,29): warning C4244: '=': conversion from 'float' to 'longword', possible loss of data
C:\Projects\old\GammaE\SDKS\libsndfile-0.0.26\src\GSM610\long_term.c(577,29): warning C4244: '=': conversion from 'float' to 'longword', possible loss of data
C:\Projects\old\GammaE\SDKS\libsndfile-0.0.26\src\GSM610\long_term.c(578,29): warning C4244: '=': conversion from 'float' to 'longword', possible loss of data
C:\Projects\old\GammaE\SDKS\libsndfile-0.0.26\src\GSM610\long_term.c(579,29): warning C4244: '=': conversion from 'float' to 'longword', possible loss of data
C:\Projects\old\GammaE\SDKS\libsndfile-0.0.26\src\GSM610\long_term.c(580,29): warning C4244: '=': conversion from 'float' to 'longword', possible loss of data
C:\Projects\old\GammaE\SDKS\libsndfile-0.0.26\src\GSM610\long_term.c(581,29): warning C4244: '=': conversion from 'float' to 'longword', possible loss of data
C:\Projects\old\GammaE\SDKS\libsndfile-0.0.26\src\GSM610\long_term.c(823,27): warning C4244: '=': conversion from 'double' to 'int', possible loss of data
  Generating Code...
  Compiling...
  lpc.c
C:\Projects\old\GammaE\SDKS\libsndfile-0.0.26\src\GSM610\lpc.c(170,25): warning C4244: '=': conversion from 'float' to 'longword', possible loss of data
  preprocess.c
  rpe.c
  short_term.c
C:\Projects\old\GammaE\SDKS\libsndfile-0.0.26\src\GSM610\short_term.c(60,2): warning C4244: '=': conversion from 'long' to 'word', possible loss of data
C:\Projects\old\GammaE\SDKS\libsndfile-0.0.26\src\GSM610\short_term.c(61,2): warning C4244: '=': conversion from 'long' to 'word', possible loss of data
C:\Projects\old\GammaE\SDKS\libsndfile-0.0.26\src\GSM610\short_term.c(62,2): warning C4244: '=': conversion from 'long' to 'word', possible loss of data
C:\Projects\old\GammaE\SDKS\libsndfile-0.0.26\src\GSM610\short_term.c(63,2): warning C4244: '=': conversion from 'long' to 'word', possible loss of data
C:\Projects\old\GammaE\SDKS\libsndfile-0.0.26\src\GSM610\short_term.c(65,2): warning C4244: '=': conversion from 'long' to 'word', possible loss of data
C:\Projects\old\GammaE\SDKS\libsndfile-0.0.26\src\GSM610\short_term.c(66,2): warning C4244: '=': conversion from 'long' to 'word', possible loss of data
C:\Projects\old\GammaE\SDKS\libsndfile-0.0.26\src\GSM610\short_term.c(67,2): warning C4244: '=': conversion from 'long' to 'word', possible loss of data
C:\Projects\old\GammaE\SDKS\libsndfile-0.0.26\src\GSM610\short_term.c(68,2): warning C4244: '=': conversion from 'long' to 'word', possible loss of data
C:\Projects\old\GammaE\SDKS\libsndfile-0.0.26\src\GSM610\short_term.c(259,8): warning C4244: '=': conversion from 'float' to 'word', possible loss of data
C:\Projects\old\GammaE\SDKS\libsndfile-0.0.26\src\GSM610\short_term.c(261,35): warning C4244: '=': conversion from 'float' to 'word', possible loss of data
C:\Projects\old\GammaE\SDKS\libsndfile-0.0.26\src\GSM610\short_term.c(339,17): warning C4244: '=': conversion from 'float' to 'word', possible loss of data
C:\Projects\old\GammaE\SDKS\libsndfile-0.0.26\src\GSM610\short_term.c(341,35): warning C4244: '=': conversion from 'float' to 'word', possible loss of data
  table.c
  ircam.c
C:\Projects\old\GammaE\SDKS\libsndfile-0.0.26\src\ircam.c(26,10): warning C4103: alignment changed after including header, may be due to missing #pragma pack(pop)
C:\Projects\old\GammaE\SDKS\libsndfile-0.0.26\src\ircam.c(283,22): warning C4244: '=': conversion from 'unsigned int' to 'float', possible loss of data
  nist.c
C:\Projects\old\GammaE\SDKS\libsndfile-0.0.26\src\nist.c(32,10): warning C4103: alignment changed after including header, may be due to missing #pragma pack(pop)
C:\Projects\old\GammaE\SDKS\libsndfile-0.0.26\src\nist.c(76,4): warning C4996: 'sscanf': This function or variable may be unsafe. Consider using sscanf_s instead. To disable deprecation, use _CRT_SECURE_NO_WARNINGS. See online help for details.
C:\Projects\old\GammaE\SDKS\libsndfile-0.0.26\src\nist.c(79,4): warning C4996: 'sscanf': This function or variable may be unsafe. Consider using sscanf_s instead. To disable deprecation, use _CRT_SECURE_NO_WARNINGS. See online help for details.
C:\Projects\old\GammaE\SDKS\libsndfile-0.0.26\src\nist.c(82,4): warning C4996: 'sscanf': This function or variable may be unsafe. Consider using sscanf_s instead. To disable deprecation, use _CRT_SECURE_NO_WARNINGS. See online help for details.
C:\Projects\old\GammaE\SDKS\libsndfile-0.0.26\src\nist.c(85,4): warning C4996: 'sscanf': This function or variable may be unsafe. Consider using sscanf_s instead. To disable deprecation, use _CRT_SECURE_NO_WARNINGS. See online help for details.
C:\Projects\old\GammaE\SDKS\libsndfile-0.0.26\src\nist.c(88,4): warning C4996: 'sscanf': This function or variable may be unsafe. Consider using sscanf_s instead. To disable deprecation, use _CRT_SECURE_NO_WARNINGS. See online help for details.
C:\Projects\old\GammaE\SDKS\libsndfile-0.0.26\src\nist.c(94,4): warning C4996: 'sscanf': This function or variable may be unsafe. Consider using sscanf_s instead. To disable deprecation, use _CRT_SECURE_NO_WARNINGS. See online help for details.
  paf.c
C:\Projects\old\GammaE\SDKS\libsndfile-0.0.26\src\paf.c(27,10): warning C4103: alignment changed after including header, may be due to missing #pragma pack(pop)
C:\Projects\old\GammaE\SDKS\libsndfile-0.0.26\src\paf.c(382,19): warning C4018: '<': signed/unsigned mismatch
C:\Projects\old\GammaE\SDKS\libsndfile-0.0.26\src\paf.c(388,17): warning C4018: '<': signed/unsigned mismatch
C:\Projects\old\GammaE\SDKS\libsndfile-0.0.26\src\paf.c(554,17): warning C4018: '<': signed/unsigned mismatch
C:\Projects\old\GammaE\SDKS\libsndfile-0.0.26\src\paf.c(568,19): warning C4018: '<': signed/unsigned mismatch
C:\Projects\old\GammaE\SDKS\libsndfile-0.0.26\src\paf.c(714,30): warning C4018: '>': signed/unsigned mismatch
C:\Projects\old\GammaE\SDKS\libsndfile-0.0.26\src\paf.c(723,60): warning C4018: '>': signed/unsigned mismatch
  pcm.c
C:\Projects\old\GammaE\SDKS\libsndfile-0.0.26\src\pcm.c(23,10): warning C4103: alignment changed after including header, may be due to missing #pragma pack(pop)
C:\Projects\old\GammaE\SDKS\libsndfile-0.0.26\src\pcm.c(695,42): warning C4244: '=': conversion from 'double' to 'float', possible loss of data
C:\Projects\old\GammaE\SDKS\libsndfile-0.0.26\src\pcm.c(724,42): warning C4244: '=': conversion from 'double' to 'float', possible loss of data
C:\Projects\old\GammaE\SDKS\libsndfile-0.0.26\src\pcm.c(753,42): warning C4244: '=': conversion from 'double' to 'float', possible loss of data
C:\Projects\old\GammaE\SDKS\libsndfile-0.0.26\src\pcm.c(782,42): warning C4244: '=': conversion from 'double' to 'float', possible loss of data
C:\Projects\old\GammaE\SDKS\libsndfile-0.0.26\src\pcm.c(811,42): warning C4244: '=': conversion from 'double' to 'float', possible loss of data
C:\Projects\old\GammaE\SDKS\libsndfile-0.0.26\src\pcm.c(840,42): warning C4244: '=': conversion from 'double' to 'float', possible loss of data
C:\Projects\old\GammaE\SDKS\libsndfile-0.0.26\src\pcm.c(869,42): warning C4244: '=': conversion from 'double' to 'float', possible loss of data
C:\Projects\old\GammaE\SDKS\libsndfile-0.0.26\src\pcm.c(898,42): warning C4244: '=': conversion from 'double' to 'float', possible loss of data
C:\Projects\old\GammaE\SDKS\libsndfile-0.0.26\src\pcm.c(1553,42): warning C4244: '=': conversion from 'double' to 'float', possible loss of data
C:\Projects\old\GammaE\SDKS\libsndfile-0.0.26\src\pcm.c(1582,42): warning C4244: '=': conversion from 'double' to 'float', possible loss of data
C:\Projects\old\GammaE\SDKS\libsndfile-0.0.26\src\pcm.c(1611,42): warning C4244: '=': conversion from 'double' to 'float', possible loss of data
C:\Projects\old\GammaE\SDKS\libsndfile-0.0.26\src\pcm.c(1640,42): warning C4244: '=': conversion from 'double' to 'float', possible loss of data
C:\Projects\old\GammaE\SDKS\libsndfile-0.0.26\src\pcm.c(1669,42): warning C4244: '=': conversion from 'double' to 'float', possible loss of data
C:\Projects\old\GammaE\SDKS\libsndfile-0.0.26\src\pcm.c(1698,42): warning C4244: '=': conversion from 'double' to 'float', possible loss of data
C:\Projects\old\GammaE\SDKS\libsndfile-0.0.26\src\pcm.c(1728,42): warning C4244: '=': conversion from 'double' to 'float', possible loss of data
C:\Projects\old\GammaE\SDKS\libsndfile-0.0.26\src\pcm.c(1758,42): warning C4244: '=': conversion from 'double' to 'float', possible loss of data
C:\Projects\old\GammaE\SDKS\libsndfile-0.0.26\src\pcm.c(2021,17): warning C4018: '<': signed/unsigned mismatch
C:\Projects\old\GammaE\SDKS\libsndfile-0.0.26\src\pcm.c(2030,17): warning C4018: '<': signed/unsigned mismatch
C:\Projects\old\GammaE\SDKS\libsndfile-0.0.26\src\pcm.c(2042,17): warning C4018: '<': signed/unsigned mismatch
C:\Projects\old\GammaE\SDKS\libsndfile-0.0.26\src\pcm.c(2057,17): warning C4018: '<': signed/unsigned mismatch
C:\Projects\old\GammaE\SDKS\libsndfile-0.0.26\src\pcm.c(2070,17): warning C4018: '<': signed/unsigned mismatch
C:\Projects\old\GammaE\SDKS\libsndfile-0.0.26\src\pcm.c(2081,17): warning C4018: '<': signed/unsigned mismatch
C:\Projects\old\GammaE\SDKS\libsndfile-0.0.26\src\pcm.c(2095,17): warning C4018: '<': signed/unsigned mismatch
C:\Projects\old\GammaE\SDKS\libsndfile-0.0.26\src\pcm.c(2104,17): warning C4018: '<': signed/unsigned mismatch
C:\Projects\old\GammaE\SDKS\libsndfile-0.0.26\src\pcm.c(2114,17): warning C4018: '<': signed/unsigned mismatch
C:\Projects\old\GammaE\SDKS\libsndfile-0.0.26\src\pcm.c(2125,17): warning C4018: '<': signed/unsigned mismatch
C:\Projects\old\GammaE\SDKS\libsndfile-0.0.26\src\pcm.c(2138,17): warning C4018: '<': signed/unsigned mismatch
C:\Projects\old\GammaE\SDKS\libsndfile-0.0.26\src\pcm.c(2152,17): warning C4018: '<': signed/unsigned mismatch
C:\Projects\old\GammaE\SDKS\libsndfile-0.0.26\src\pcm.c(2167,17): warning C4018: '<': signed/unsigned mismatch
C:\Projects\old\GammaE\SDKS\libsndfile-0.0.26\src\pcm.c(2176,17): warning C4018: '<': signed/unsigned mismatch
C:\Projects\old\GammaE\SDKS\libsndfile-0.0.26\src\pcm.c(2186,17): warning C4018: '<': signed/unsigned mismatch
C:\Projects\old\GammaE\SDKS\libsndfile-0.0.26\src\pcm.c(2197,17): warning C4018: '<': signed/unsigned mismatch
C:\Projects\old\GammaE\SDKS\libsndfile-0.0.26\src\pcm.c(2210,17): warning C4018: '<': signed/unsigned mismatch
C:\Projects\old\GammaE\SDKS\libsndfile-0.0.26\src\pcm.c(2224,17): warning C4018: '<': signed/unsigned mismatch
C:\Projects\old\GammaE\SDKS\libsndfile-0.0.26\src\pcm.c(2236,17): warning C4018: '<': signed/unsigned mismatch
C:\Projects\old\GammaE\SDKS\libsndfile-0.0.26\src\pcm.c(2247,17): warning C4018: '<': signed/unsigned mismatch
C:\Projects\old\GammaE\SDKS\libsndfile-0.0.26\src\pcm.c(2261,17): warning C4018: '<': signed/unsigned mismatch
C:\Projects\old\GammaE\SDKS\libsndfile-0.0.26\src\pcm.c(2270,17): warning C4018: '<': signed/unsigned mismatch
C:\Projects\old\GammaE\SDKS\libsndfile-0.0.26\src\pcm.c(2280,17): warning C4018: '<': signed/unsigned mismatch
C:\Projects\old\GammaE\SDKS\libsndfile-0.0.26\src\pcm.c(2291,17): warning C4018: '<': signed/unsigned mismatch
C:\Projects\old\GammaE\SDKS\libsndfile-0.0.26\src\pcm.c(2304,17): warning C4018: '<': signed/unsigned mismatch
C:\Projects\old\GammaE\SDKS\libsndfile-0.0.26\src\pcm.c(2318,17): warning C4018: '<': signed/unsigned mismatch
C:\Projects\old\GammaE\SDKS\libsndfile-0.0.26\src\pcm.c(2330,17): warning C4018: '<': signed/unsigned mismatch
C:\Projects\old\GammaE\SDKS\libsndfile-0.0.26\src\pcm.c(2341,17): warning C4018: '<': signed/unsigned mismatch
C:\Projects\old\GammaE\SDKS\libsndfile-0.0.26\src\pcm.c(2354,17): warning C4018: '<': signed/unsigned mismatch
C:\Projects\old\GammaE\SDKS\libsndfile-0.0.26\src\pcm.c(2363,17): warning C4018: '<': signed/unsigned mismatch
C:\Projects\old\GammaE\SDKS\libsndfile-0.0.26\src\pcm.c(2374,17): warning C4018: '<': signed/unsigned mismatch
C:\Projects\old\GammaE\SDKS\libsndfile-0.0.26\src\pcm.c(2389,17): warning C4018: '<': signed/unsigned mismatch
C:\Projects\old\GammaE\SDKS\libsndfile-0.0.26\src\pcm.c(2402,17): warning C4018: '<': signed/unsigned mismatch
C:\Projects\old\GammaE\SDKS\libsndfile-0.0.26\src\pcm.c(2411,17): warning C4018: '<': signed/unsigned mismatch
C:\Projects\old\GammaE\SDKS\libsndfile-0.0.26\src\pcm.c(2423,17): warning C4018: '<': signed/unsigned mismatch
C:\Projects\old\GammaE\SDKS\libsndfile-0.0.26\src\pcm.c(2432,17): warning C4018: '<': signed/unsigned mismatch
C:\Projects\old\GammaE\SDKS\libsndfile-0.0.26\src\pcm.c(2441,17): warning C4018: '<': signed/unsigned mismatch
C:\Projects\old\GammaE\SDKS\libsndfile-0.0.26\src\pcm.c(2450,17): warning C4018: '<': signed/unsigned mismatch
C:\Projects\old\GammaE\SDKS\libsndfile-0.0.26\src\pcm.c(2461,17): warning C4018: '<': signed/unsigned mismatch
C:\Projects\old\GammaE\SDKS\libsndfile-0.0.26\src\pcm.c(2476,17): warning C4018: '<': signed/unsigned mismatch
C:\Projects\old\GammaE\SDKS\libsndfile-0.0.26\src\pcm.c(2492,17): warning C4018: '<': signed/unsigned mismatch
C:\Projects\old\GammaE\SDKS\libsndfile-0.0.26\src\pcm.c(2493,17): warning C4244: '=': conversion from 'short' to 'char', possible loss of data
C:\Projects\old\GammaE\SDKS\libsndfile-0.0.26\src\pcm.c(2501,17): warning C4018: '<': signed/unsigned mismatch
C:\Projects\old\GammaE\SDKS\libsndfile-0.0.26\src\pcm.c(2510,17): warning C4018: '<': signed/unsigned mismatch
C:\Projects\old\GammaE\SDKS\libsndfile-0.0.26\src\pcm.c(2519,17): warning C4018: '<': signed/unsigned mismatch
C:\Projects\old\GammaE\SDKS\libsndfile-0.0.26\src\pcm.c(2530,17): warning C4018: '<': signed/unsigned mismatch
C:\Projects\old\GammaE\SDKS\libsndfile-0.0.26\src\pcm.c(2545,17): warning C4018: '<': signed/unsigned mismatch
C:\Projects\old\GammaE\SDKS\libsndfile-0.0.26\src\pcm.c(2558,17): warning C4018: '<': signed/unsigned mismatch
C:\Projects\old\GammaE\SDKS\libsndfile-0.0.26\src\pcm.c(2567,17): warning C4018: '<': signed/unsigned mismatch
C:\Projects\old\GammaE\SDKS\libsndfile-0.0.26\src\pcm.c(2579,17): warning C4018: '<': signed/unsigned mismatch
C:\Projects\old\GammaE\SDKS\libsndfile-0.0.26\src\pcm.c(2580,17): warning C4244: '=': conversion from 'short' to 'char', possible loss of data
C:\Projects\old\GammaE\SDKS\libsndfile-0.0.26\src\pcm.c(2588,17): warning C4018: '<': signed/unsigned mismatch
C:\Projects\old\GammaE\SDKS\libsndfile-0.0.26\src\pcm.c(2597,17): warning C4018: '<': signed/unsigned mismatch
C:\Projects\old\GammaE\SDKS\libsndfile-0.0.26\src\pcm.c(2606,17): warning C4018: '<': signed/unsigned mismatch
C:\Projects\old\GammaE\SDKS\libsndfile-0.0.26\src\pcm.c(2617,17): warning C4018: '<': signed/unsigned mismatch
C:\Projects\old\GammaE\SDKS\libsndfile-0.0.26\src\pcm.c(2632,17): warning C4018: '<': signed/unsigned mismatch
C:\Projects\old\GammaE\SDKS\libsndfile-0.0.26\src\pcm.c(2645,17): warning C4018: '<': signed/unsigned mismatch
C:\Projects\old\GammaE\SDKS\libsndfile-0.0.26\src\pcm.c(2654,17): warning C4018: '<': signed/unsigned mismatch
  raw.c
C:\Projects\old\GammaE\SDKS\libsndfile-0.0.26\src\raw.c(26,10): warning C4103: alignment changed after including header, may be due to missing #pragma pack(pop)
  samplitude.c
C:\Projects\old\GammaE\SDKS\libsndfile-0.0.26\src\samplitude.c(26,10): warning C4103: alignment changed after including header, may be due to missing #pragma pack(pop)
  sndfile.c
C:\Projects\old\GammaE\SDKS\libsndfile-0.0.26\src\sndfile.c(34,10): warning C4103: alignment changed after including header, may be due to missing #pragma pack(pop)
C:\Projects\old\GammaE\SDKS\libsndfile-0.0.26\src\sndfile.c(204,22): warning C4996: 'fopen': This function or variable may be unsafe. Consider using fopen_s instead. To disable deprecation, use _CRT_SECURE_NO_WARNINGS. See online help for details.
C:\Projects\old\GammaE\SDKS\libsndfile-0.0.26\src\sndfile.c(357,22): warning C4996: 'fopen': This function or variable may be unsafe. Consider using fopen_s instead. To disable deprecation, use _CRT_SECURE_NO_WARNINGS. See online help for details.
C:\Projects\old\GammaE\SDKS\libsndfile-0.0.26\src\sndfile.c(490,6): warning C4996: 'strncpy': This function or variable may be unsafe. Consider using strncpy_s instead. To disable deprecation, use _CRT_SECURE_NO_WARNINGS. See online help for details.
C:\Projects\old\GammaE\SDKS\libsndfile-0.0.26\src\sndfile.c(497,4): warning C4996: 'strncpy': This function or variable may be unsafe. Consider using strncpy_s instead. To disable deprecation, use _CRT_SECURE_NO_WARNINGS. See online help for details.
C:\Projects\old\GammaE\SDKS\libsndfile-0.0.26\src\sndfile.c(516,5): warning C4996: 'strncpy': This function or variable may be unsafe. Consider using strncpy_s instead. To disable deprecation, use _CRT_SECURE_NO_WARNINGS. See online help for details.
C:\Projects\old\GammaE\SDKS\libsndfile-0.0.26\src\sndfile.c(521,2): warning C4996: 'strncpy': This function or variable may be unsafe. Consider using strncpy_s instead. To disable deprecation, use _CRT_SECURE_NO_WARNINGS. See online help for details.
C:\Projects\old\GammaE\SDKS\libsndfile-0.0.26\src\sndfile.c(648,27): warning C4018: '>=': signed/unsigned mismatch
C:\Projects\old\GammaE\SDKS\libsndfile-0.0.26\src\sndfile.c(640,4): warning C4996: 'strncpy': This function or variable may be unsafe. Consider using strncpy_s instead. To disable deprecation, use _CRT_SECURE_NO_WARNINGS. See online help for details.
C:\Projects\old\GammaE\SDKS\libsndfile-0.0.26\src\sndfile.c(651,2): warning C4996: 'strncpy': This function or variable may be unsafe. Consider using strncpy_s instead. To disable deprecation, use _CRT_SECURE_NO_WARNINGS. See online help for details.
C:\Projects\old\GammaE\SDKS\libsndfile-0.0.26\src\sndfile.c(665,2): warning C4996: 'strncpy': This function or variable may be unsafe. Consider using strncpy_s instead. To disable deprecation, use _CRT_SECURE_NO_WARNINGS. See online help for details.
C:\Projects\old\GammaE\SDKS\libsndfile-0.0.26\src\sndfile.c(682,4): warning C4996: 'strncpy': This function or variable may be unsafe. Consider using strncpy_s instead. To disable deprecation, use _CRT_SECURE_NO_WARNINGS. See online help for details.
C:\Projects\old\GammaE\SDKS\libsndfile-0.0.26\src\sndfile.c(808,48): warning C4018: '>': signed/unsigned mismatch
C:\Projects\old\GammaE\SDKS\libsndfile-0.0.26\src\sndfile.c(819,31): warning C4018: '>': signed/unsigned mismatch
C:\Projects\old\GammaE\SDKS\libsndfile-0.0.26\src\sndfile.c(903,19): warning C4018: '>=': signed/unsigned mismatch
C:\Projects\old\GammaE\SDKS\libsndfile-0.0.26\src\sndfile.c(939,19): warning C4018: '>=': signed/unsigned mismatch
C:\Projects\old\GammaE\SDKS\libsndfile-0.0.26\src\sndfile.c(983,19): warning C4018: '>=': signed/unsigned mismatch
C:\Projects\old\GammaE\SDKS\libsndfile-0.0.26\src\sndfile.c(1019,19): warning C4018: '>=': signed/unsigned mismatch
C:\Projects\old\GammaE\SDKS\libsndfile-0.0.26\src\sndfile.c(1063,19): warning C4018: '>=': signed/unsigned mismatch
C:\Projects\old\GammaE\SDKS\libsndfile-0.0.26\src\sndfile.c(1099,19): warning C4018: '>=': signed/unsigned mismatch
C:\Projects\old\GammaE\SDKS\libsndfile-0.0.26\src\sndfile.c(1143,19): warning C4018: '>=': signed/unsigned mismatch
C:\Projects\old\GammaE\SDKS\libsndfile-0.0.26\src\sndfile.c(1179,19): warning C4018: '>=': signed/unsigned mismatch
C:\Projects\old\GammaE\SDKS\libsndfile-0.0.26\src\sndfile.c(1607,2): warning C4996: 'strncpy': This function or variable may be unsafe. Consider using strncpy_s instead. To disable deprecation, use _CRT_SECURE_NO_WARNINGS. See online help for details.
C:\Projects\old\GammaE\SDKS\libsndfile-0.0.26\src\sndfile.c(1620,2): warning C4996: 'strncpy': This function or variable may be unsafe. Consider using strncpy_s instead. To disable deprecation, use _CRT_SECURE_NO_WARNINGS. See online help for details.
  svx.c
C:\Projects\old\GammaE\SDKS\libsndfile-0.0.26\src\svx.c(26,10): warning C4103: alignment changed after including header, may be due to missing #pragma pack(pop)
  ulaw.c
C:\Projects\old\GammaE\SDKS\libsndfile-0.0.26\src\ulaw.c(22,10): warning C4103: alignment changed after including header, may be due to missing #pragma pack(pop)
C:\Projects\old\GammaE\SDKS\libsndfile-0.0.26\src\ulaw.c(89,12): warning C4018: '<': signed/unsigned mismatch
C:\Projects\old\GammaE\SDKS\libsndfile-0.0.26\src\ulaw.c(115,12): warning C4018: '<': signed/unsigned mismatch
C:\Projects\old\GammaE\SDKS\libsndfile-0.0.26\src\ulaw.c(128,42): warning C4244: '=': conversion from 'double' to 'float', possible loss of data
C:\Projects\old\GammaE\SDKS\libsndfile-0.0.26\src\ulaw.c(144,12): warning C4018: '<': signed/unsigned mismatch
C:\Projects\old\GammaE\SDKS\libsndfile-0.0.26\src\ulaw.c(172,12): warning C4018: '<': signed/unsigned mismatch
C:\Projects\old\GammaE\SDKS\libsndfile-0.0.26\src\ulaw.c(201,12): warning C4018: '<': signed/unsigned mismatch
C:\Projects\old\GammaE\SDKS\libsndfile-0.0.26\src\ulaw.c(227,12): warning C4018: '<': signed/unsigned mismatch
C:\Projects\old\GammaE\SDKS\libsndfile-0.0.26\src\ulaw.c(240,42): warning C4244: '=': conversion from 'double' to 'float', possible loss of data
C:\Projects\old\GammaE\SDKS\libsndfile-0.0.26\src\ulaw.c(256,12): warning C4018: '<': signed/unsigned mismatch
C:\Projects\old\GammaE\SDKS\libsndfile-0.0.26\src\ulaw.c(285,12): warning C4018: '<': signed/unsigned mismatch
C:\Projects\old\GammaE\SDKS\libsndfile-0.0.26\src\ulaw.c(1004,17): warning C4018: '<': signed/unsigned mismatch
C:\Projects\old\GammaE\SDKS\libsndfile-0.0.26\src\ulaw.c(1016,17): warning C4018: '<': signed/unsigned mismatch
C:\Projects\old\GammaE\SDKS\libsndfile-0.0.26\src\ulaw.c(1028,17): warning C4018: '<': signed/unsigned mismatch
C:\Projects\old\GammaE\SDKS\libsndfile-0.0.26\src\ulaw.c(1040,17): warning C4018: '<': signed/unsigned mismatch
  voc.c
C:\Projects\old\GammaE\SDKS\libsndfile-0.0.26\src\voc.c(26,10): warning C4103: alignment changed after including header, may be due to missing #pragma pack(pop)
  wav.c
C:\Projects\old\GammaE\SDKS\libsndfile-0.0.26\src\wav.c(26,10): warning C4103: alignment changed after including header, may be due to missing #pragma pack(pop)
C:\Projects\old\GammaE\SDKS\libsndfile-0.0.26\src\wav.c(190,27): warning C4018: '<': signed/unsigned mismatch
C:\Projects\old\GammaE\SDKS\libsndfile-0.0.26\src\wav.c(831,18): warning C4018: '<': signed/unsigned mismatch
C:\Projects\old\GammaE\SDKS\libsndfile-0.0.26\src\wav.c(856,18): warning C4018: '<': signed/unsigned mismatch
  wav_gsm610.c
C:\Projects\old\GammaE\SDKS\libsndfile-0.0.26\src\wav_gsm610.c(25,10): warning C4103: alignment changed after including header, may be due to missing #pragma pack(pop)
C:\Projects\old\GammaE\SDKS\libsndfile-0.0.26\src\wav_gsm610.c(157,54): warning C4018: '<': signed/unsigned mismatch
C:\Projects\old\GammaE\SDKS\libsndfile-0.0.26\src\wav_gsm610.c(189,26): warning C4018: '>': signed/unsigned mismatch
C:\Projects\old\GammaE\SDKS\libsndfile-0.0.26\src\wav_gsm610.c(215,28): warning C4018: '>=': signed/unsigned mismatch
C:\Projects\old\GammaE\SDKS\libsndfile-0.0.26\src\wav_gsm610.c(286,42): warning C4244: '=': conversion from 'double' to 'float', possible loss of data
C:\Projects\old\GammaE\SDKS\libsndfile-0.0.26\src\wav_gsm610.c(346,30): warning C4018: '>': signed/unsigned mismatch
C:\Projects\old\GammaE\SDKS\libsndfile-0.0.26\src\wav_gsm610.c(355,60): warning C4018: '>': signed/unsigned mismatch
C:\Projects\old\GammaE\SDKS\libsndfile-0.0.26\src\wav_gsm610.c(496,42): warning C4244: '=': conversion from 'double' to 'float', possible loss of data
  wav_ima_adpcm.c
C:\Projects\old\GammaE\SDKS\libsndfile-0.0.26\src\wav_ima_adpcm.c(25,10): warning C4103: alignment changed after including header, may be due to missing #pragma pack(pop)
C:\Projects\old\GammaE\SDKS\libsndfile-0.0.26\src\wav_ima_adpcm.c(203,23): warning C4018: '>': signed/unsigned mismatch
C:\Projects\old\GammaE\SDKS\libsndfile-0.0.26\src\wav_ima_adpcm.c(213,23): warning C4018: '<': signed/unsigned mismatch
C:\Projects\old\GammaE\SDKS\libsndfile-0.0.26\src\wav_ima_adpcm.c(241,20): warning C4018: '<': signed/unsigned mismatch
C:\Projects\old\GammaE\SDKS\libsndfile-0.0.26\src\wav_ima_adpcm.c(242,25): warning C4018: '<': signed/unsigned mismatch
C:\Projects\old\GammaE\SDKS\libsndfile-0.0.26\src\wav_ima_adpcm.c(257,30): warning C4018: '<': signed/unsigned mismatch
C:\Projects\old\GammaE\SDKS\libsndfile-0.0.26\src\wav_ima_adpcm.c(300,25): warning C4018: '>=': signed/unsigned mismatch
C:\Projects\old\GammaE\SDKS\libsndfile-0.0.26\src\wav_ima_adpcm.c(300,62): warning C4018: '>=': signed/unsigned mismatch
C:\Projects\old\GammaE\SDKS\libsndfile-0.0.26\src\wav_ima_adpcm.c(305,25): warning C4018: '>=': signed/unsigned mismatch
C:\Projects\old\GammaE\SDKS\libsndfile-0.0.26\src\wav_ima_adpcm.c(371,42): warning C4244: '=': conversion from 'double' to 'float', possible loss of data
C:\Projects\old\GammaE\SDKS\libsndfile-0.0.26\src\wav_ima_adpcm.c(431,30): warning C4018: '>': signed/unsigned mismatch
C:\Projects\old\GammaE\SDKS\libsndfile-0.0.26\src\wav_ima_adpcm.c(440,60): warning C4018: '>': signed/unsigned mismatch
C:\Projects\old\GammaE\SDKS\libsndfile-0.0.26\src\wav_ima_adpcm.c(526,23): warning C4018: '<': signed/unsigned mismatch
C:\Projects\old\GammaE\SDKS\libsndfile-0.0.26\src\wav_ima_adpcm.c(539,30): warning C4018: '<': signed/unsigned mismatch
C:\Projects\old\GammaE\SDKS\libsndfile-0.0.26\src\wav_ima_adpcm.c(586,20): warning C4018: '<': signed/unsigned mismatch
C:\Projects\old\GammaE\SDKS\libsndfile-0.0.26\src\wav_ima_adpcm.c(587,25): warning C4018: '<': signed/unsigned mismatch
C:\Projects\old\GammaE\SDKS\libsndfile-0.0.26\src\wav_ima_adpcm.c(626,25): warning C4018: '>=': signed/unsigned mismatch
C:\Projects\old\GammaE\SDKS\libsndfile-0.0.26\src\wav_ima_adpcm.c(684,42): warning C4244: '=': conversion from 'double' to 'float', possible loss of data
C:\Projects\old\GammaE\SDKS\libsndfile-0.0.26\src\wav_ima_adpcm.c(787,46): warning C4018: '<': signed/unsigned mismatch
  wav_ms_adpcm.c
C:\Projects\old\GammaE\SDKS\libsndfile-0.0.26\src\wav_ms_adpcm.c(25,10): warning C4103: alignment changed after including header, may be due to missing #pragma pack(pop)
C:\Projects\old\GammaE\SDKS\libsndfile-0.0.26\src\wav_ms_adpcm.c(106,5): warning C4028: formal parameter 1 different from declaration
C:\Projects\old\GammaE\SDKS\libsndfile-0.0.26\src\wav_ms_adpcm.c(106,5): warning C4028: formal parameter 2 different from declaration
C:\Projects\old\GammaE\SDKS\libsndfile-0.0.26\src\wav_ms_adpcm.c(193,22): warning C4018: '>': signed/unsigned mismatch
C:\Projects\old\GammaE\SDKS\libsndfile-0.0.26\src\wav_ms_adpcm.c(240,22): warning C4305: '-=': truncation from 'int' to 'short'
C:\Projects\old\GammaE\SDKS\libsndfile-0.0.26\src\wav_ms_adpcm.c(242,22): warning C4305: '-=': truncation from 'int' to 'short'
C:\Projects\old\GammaE\SDKS\libsndfile-0.0.26\src\wav_ms_adpcm.c(249,20): warning C4018: '<': signed/unsigned mismatch
C:\Projects\old\GammaE\SDKS\libsndfile-0.0.26\src\wav_ms_adpcm.c(257,33): warning C4018: '<': signed/unsigned mismatch
C:\Projects\old\GammaE\SDKS\libsndfile-0.0.26\src\wav_ms_adpcm.c(290,24): warning C4018: '>=': signed/unsigned mismatch
C:\Projects\old\GammaE\SDKS\libsndfile-0.0.26\src\wav_ms_adpcm.c(290,59): warning C4018: '>=': signed/unsigned mismatch
C:\Projects\old\GammaE\SDKS\libsndfile-0.0.26\src\wav_ms_adpcm.c(295,24): warning C4018: '>=': signed/unsigned mismatch
C:\Projects\old\GammaE\SDKS\libsndfile-0.0.26\src\wav_ms_adpcm.c(361,42): warning C4244: '=': conversion from 'double' to 'float', possible loss of data
C:\Projects\old\GammaE\SDKS\libsndfile-0.0.26\src\wav_ms_adpcm.c(420,30): warning C4018: '>': signed/unsigned mismatch
C:\Projects\old\GammaE\SDKS\libsndfile-0.0.26\src\wav_ms_adpcm.c(429,60): warning C4018: '>': signed/unsigned mismatch
C:\Projects\old\GammaE\SDKS\libsndfile-0.0.26\src\wav_ms_adpcm.c(536,18): warning C4018: '<': signed/unsigned mismatch
C:\Projects\old\GammaE\SDKS\libsndfile-0.0.26\src\wav_ms_adpcm.c(588,18): warning C4018: '<': signed/unsigned mismatch
C:\Projects\old\GammaE\SDKS\libsndfile-0.0.26\src\wav_ms_adpcm.c(645,24): warning C4018: '>=': signed/unsigned mismatch
C:\Projects\old\GammaE\SDKS\libsndfile-0.0.26\src\wav_ms_adpcm.c(703,42): warning C4244: '=': conversion from 'double' to 'float', possible loss of data
C:\Projects\old\GammaE\SDKS\libsndfile-0.0.26\src\wav_ms_adpcm.c(813,44): warning C4018: '<': signed/unsigned mismatch
  Generating Code...
C:\Projects\old\GammaE\SDKS\libsndfile-0.0.26\src\paf.c(294,1): warning C4700: uninitialized local variable 'paf_fmt' used
  LibSndFile.vcxproj -> C:\Projects\old\GammaE\SDKS\libsndfile-0.0.26\Win32\LibSndFile\lib\Debug\LibSndFile.lib
